<?xml version="1.0" encoding="UTF-8"?>
<testsuite name="TestSuite" time="94.026" tests="1" errors="0" skipped="0" failures="0">
  <properties>
    <property name="JOB_NAME" value="Banking Maven"/>
    <property name="java.vendor" value="Eclipse Adoptium"/>
    <property name="sun.java.launcher" value="SUN_STANDARD"/>
    <property name="RUN_TESTS_DISPLAY_URL" value="http://localhost:8080/job/Banking%20Maven/17/display/redirect?page=tests"/>
    <property name="NUMBER_OF_PROCESSORS" value="4"/>
    <property name="sun.management.compiler" value="HotSpot Client Compiler"/>
    <property name="JENKINS_HOME" value="C:\Users\Mohan\.jenkins"/>
    <property name="HUDSON_SERVER_COOKIE" value="cb6acfa38522a0e1"/>
    <property name="POM_ARTIFACTID" value="com.selenium"/>
    <property name="os.name" value="Windows 7"/>
    <property name="EXECUTOR_NUMBER" value="0"/>
    <property name="PATHEXT" value=".COM;.EXE;.BAT;.CMD;.VBS;.VBE;.JS;.JSE;.WSF;.WSH;.MSC"/>
    <property name="POM_DISPLAYNAME" value="com.selenium"/>
    <property name="java.vm.specification.vendor" value="Oracle Corporation"/>
    <property name="TEMP" value="C:\Users\Mohan\AppData\Local\Temp"/>
    <property name="NODE_LABELS" value="master"/>
    <property name="java.runtime.version" value="17.0.6+10"/>
    <property name="user.name" value="Mohan"/>
    <property name="guice.disable.misplaced.annotation.check" value="true"/>
    <property name="ProgramFiles" value="C:\Program Files"/>
    <property name="PROMPT" value="$P$G"/>
    <property name="user.language" value="en"/>
    <property name="JOB_BASE_NAME" value="Banking Maven"/>
    <property name="RUN_CHANGES_DISPLAY_URL" value="http://localhost:8080/job/Banking%20Maven/17/display/redirect?page=changes"/>
    <property name="BUILD_DISPLAY_NAME" value="#17"/>
    <property name="sun.boot.library.path" value="C:\Users\Mohan\Downloads\jdk-17.0.6+10\bin"/>
    <property name="LOCALAPPDATA" value="C:\Users\Mohan\AppData\Local"/>
    <property name="java.version" value="17.0.6"/>
    <property name="user.timezone" value="Asia/Calcutta"/>
    <property name="PROCESSOR_LEVEL" value="22"/>
    <property name="USERNAME" value="Mohan"/>
    <property name="sun.arch.data.model" value="32"/>
    <property name="NODE_NAME" value="master"/>
    <property name="BUILD_ID" value="17"/>
    <property name="sun.jnu.encoding" value="Cp1252"/>
    <property name="maven.conf" value="C:\apache-maven-3.9.0\conf"/>
    <property name="file.separator" value="\"/>
    <property name="java.specification.name" value="Java Platform API Specification"/>
    <property name="HOMEDRIVE" value="C:"/>
    <property name="java.class.version" value="61.0"/>
    <property name="=::" value="::\"/>
    <property name="org.slf4j.simpleLogger.defaultLogLevel" value="info"/>
    <property name="user.country" value="US"/>
    <property name="ALLUSERSPROFILE" value="C:\ProgramData"/>
    <property name="java.home" value="C:\Users\Mohan\Downloads\jdk-17.0.6+10"/>
    <property name="java.vm.info" value="mixed mode, emulated-client"/>
    <property name="os.version" value="6.1"/>
    <property name="RUN_DISPLAY_URL" value="http://localhost:8080/job/Banking%20Maven/17/display/redirect"/>
    <property name="POM_VERSION" value="0.0.1-SNAPSHOT"/>
    <property name="TMP" value="C:\Users\Mohan\AppData\Local\Temp"/>
    <property name="path.separator" value=";"/>
    <property name="RUN_ARTIFACTS_DISPLAY_URL" value="http://localhost:8080/job/Banking%20Maven/17/display/redirect?page=artifacts"/>
    <property name="java.vm.version" value="17.0.6+10"/>
    <property name="user.variant" value=""/>
    <property name="JOB_DISPLAY_URL" value="http://localhost:8080/job/Banking%20Maven/display/redirect"/>
    <property name="FP_NO_HOST_CHECK" value="NO"/>
    <property name="CommonProgramFiles" value="C:\Program Files\Common Files"/>
    <property name="sun.io.unicode.encoding" value="UnicodeLittle"/>
    <property name="JAVA_HOME" value="C:\Users\Mohan\Downloads\jdk-17.0.6+10"/>
    <property name="ComSpec" value="C:\Windows\system32\cmd.exe"/>
    <property name="HOMEPATH" value="\Users\Mohan"/>
    <property name="POM_PACKAGING" value="jar"/>
    <property name="COMPUTERNAME" value="COMPUTER"/>
    <property name="user.script" value=""/>
    <property name="POM_GROUPID" value="Hybridframework_Selenium"/>
    <property name="user.home" value="C:\Users\Mohan"/>
    <property name="PUBLIC" value="C:\Users\Public"/>
    <property name="BUILD_TAG" value="jenkins-Banking Maven-17"/>
    <property name="JENKINS_SERVER_COOKIE" value="cb6acfa38522a0e1"/>
    <property name="HUDSON_URL" value="http://localhost:8080/"/>
    <property name="ProgramData" value="C:\ProgramData"/>
    <property name="java.version.date" value="2023-01-17"/>
    <property name="java.specification.vendor" value="Oracle Corporation"/>
    <property name="USERPROFILE" value="C:\Users\Mohan"/>
    <property name="CLASSPATH" value=""/>
    <property name="java.library.path" value="C:\Users\Mohan\Downloads\jdk-17.0.6+10\bin;C:\Windows\Sun\Java\bin;C:\Windows\system32;C:\Windows;C:\apache-maven-3.9.0/bin;C:\Users\Mohan\Downloads\jdk-17.0.6+10/bin;C:\Users\Mohan\Downloads\jdk-17.0.6+10/bin;C:\Users\Mohan\Downloads\jdk-17.0.6+10\bin;D:\apache-maven-3.8.7\bin;."/>
    <property name="java.vendor.url" value="https://adoptium.net/"/>
    <property name="java.vm.vendor" value="Eclipse Adoptium"/>
    <property name="APPDATA" value="C:\Users\Mohan\AppData\Roaming"/>
    <property name="java.runtime.name" value="OpenJDK Runtime Environment"/>
    <property name="maven.home" value="C:\apache-maven-3.9.0"/>
    <property name="java.class.path" value="C:\Users\Mohan\.jenkins\plugins\maven-plugin\WEB-INF\lib\maven35-agent-1.14.jar;C:\apache-maven-3.9.0\boot\plexus-classworlds-2.6.0.jar;C:\apache-maven-3.9.0/conf/logging"/>
    <property name="sun.java.command" value="jenkins.maven3.agent.Maven35Main C:\apache-maven-3.9.0 C:\Users\Mohan\.jenkins\war\WEB-INF\lib\remoting-3077.vd69cf116da_6f.jar C:\Users\Mohan\.jenkins\plugins\maven-plugin\WEB-INF\lib\maven35-interceptor-1.14.jar C:\Users\Mohan\.jenkins\plugins\maven-plugin\WEB-INF\lib\maven3-interceptor-commons-1.14.jar 51608"/>
    <property name="native.encoding" value="Cp1252"/>
    <property name="Path" value="C:\Users\Mohan\Downloads\jdk-17.0.6+10/bin;C:\Users\Mohan\Downloads\jdk-17.0.6+10\bin;D:\apache-maven-3.8.7\bin"/>
    <property name="jdk.debug" value="release"/>
    <property name="PROCESSOR_ARCHITECTURE" value="x86"/>
    <property name="java.vm.specification.name" value="Java Virtual Machine Specification"/>
    <property name="jansi.mode" value="strip"/>
    <property name="PATH+JDK" value="C:\Users\Mohan\Downloads\jdk-17.0.6+10/bin"/>
    <property name="SESSIONNAME" value="Console"/>
    <property name="PROCESSOR_IDENTIFIER" value="x86 Family 22 Model 0 Stepping 1, AuthenticAMD"/>
    <property name="java.vm.specification.version" value="17"/>
    <property name="M2_HOME" value="C:\apache-maven-3.9.0"/>
    <property name="sun.cpu.endian" value="little"/>
    <property name="sun.os.patch.level" value="Service Pack 1"/>
    <property name="OS" value="Windows_NT"/>
    <property name="CI" value="true"/>
    <property name="java.io.tmpdir" value="C:\Users\Mohan\AppData\Local\Temp\"/>
    <property name="HUDSON_HOME" value="C:\Users\Mohan\.jenkins"/>
    <property name="PATH+MAVEN" value="C:\apache-maven-3.9.0/bin"/>
    <property name="java.vendor.url.bug" value="https://github.com/adoptium/adoptium-support/issues"/>
    <property name="BUILD_URL" value="http://localhost:8080/job/Banking%20Maven/17/"/>
    <property name="MAVEN_OPTS" value=""/>
    <property name="SystemRoot" value="C:\Windows"/>
    <property name="os.arch" value="x86"/>
    <property name="user.dir" value="C:\Hybrid\Hybrid_Framework_Selenium"/>
    <property name="JOB_URL" value="http://localhost:8080/job/Banking%20Maven/"/>
    <property name="LOGONSERVER" value="\\COMPUTER"/>
    <property name="USERDOMAIN" value="Computer"/>
    <property name="MAVEN_HOME" value="C:\apache-maven-3.9.0"/>
    <property name="line.separator" value="&#10;"/>
    <property name="java.vm.name" value="OpenJDK Client VM"/>
    <property name="BUILD_NUMBER" value="17"/>
    <property name="PROCESSOR_REVISION" value="0001"/>
    <property name="ANDROID_HOME" value="C:\Users\Mohan\Downloads\commandlinetools-win-8092744_latest"/>
    <property name="JENKINS_URL" value="http://localhost:8080/"/>
    <property name="windir" value="C:\Windows"/>
    <property name="=C:" value="C:\Users\Mohan\Downloads"/>
    <property name="file.encoding" value="Cp1252"/>
    <property name="SystemDrive" value="C:"/>
    <property name="maven3.interceptor" value="C:\Users\Mohan\.jenkins\plugins\maven-plugin\WEB-INF\lib\maven35-interceptor-1.14.jar"/>
    <property name="WORKSPACE_TMP" value="C:\Users\Mohan\.jenkins\workspace\Banking Maven@tmp"/>
    <property name="WORKSPACE" value="C:\Users\Mohan\.jenkins\workspace\Banking Maven"/>
    <property name="maven3.interceptor.common" value="C:\Users\Mohan\.jenkins\plugins\maven-plugin\WEB-INF\lib\maven3-interceptor-commons-1.14.jar"/>
    <property name="PSModulePath" value="C:\Windows\system32\WindowsPowerShell\v1.0\Modules\"/>
    <property name="java.specification.version" value="17"/>
    <property name="java.vendor.version" value="Temurin-17.0.6+10"/>
  </properties>
  <testcase name="loginTest" classname="com.bank.testcases.TC1_LoginTest" time="94.026"/>
</testsuite>