<?xml version="1.0" encoding="UTF-8"?>
<!-- Generated by org.testng.reporters.JUnitReportReporter -->
<testsuite skipped="0" hostname="Computer" name="com.bank.testcases.TC1_LoginTest" tests="1" failures="0" timestamp="2023-03-02T21:33:09 IST" time="27.911" errors="0">
  <testcase name="loginTest" time="27.911" classname="com.bank.testcases.TC1_LoginTest"/>
  <system-out/>
</testsuite> <!-- com.bank.testcases.TC1_LoginTest -->
