<?xml version="1.0" encoding="UTF-8"?>
<!-- Generated by org.testng.reporters.JUnitReportReporter -->
<testsuite skipped="0" hostname="Computer" name="com.bank.testcases.BaseClass" tests="1" failures="0" timestamp="2023-02-20T22:47:17 IST" time="52.747" errors="0">
  <testcase name="setUp" time="52.747" classname="com.bank.testcases.BaseClass"/>
  <system-out/>
</testsuite> <!-- com.bank.testcases.BaseClass -->
