<?xml version="1.0" encoding="UTF-8"?>
<!-- Generated by org.testng.reporters.JUnitReportReporter -->
<testsuite skipped="0" hostname="Computer" name="com.bank.testcases.TC3_AddCustomer" tests="1" failures="0" timestamp="2023-02-26T17:18:13 IST" time="54.724" errors="0">
  <testcase name="addCustomer" time="54.724" classname="com.bank.testcases.TC3_AddCustomer"/>
  <system-out/>
</testsuite> <!-- com.bank.testcases.TC3_AddCustomer -->
