<?xml version="1.0" encoding="UTF-8"?>
<!-- Generated by org.testng.reporters.JUnitReportReporter -->
<testsuite hostname="Computer" failures="0" tests="1" name="com.bank.testcases.TC1_LoginTest" time="93.961" errors="0" timestamp="2023-03-05T19:54:43 IST" skipped="0">
  <testcase classname="com.bank.testcases.TC1_LoginTest" name="loginTest" time="93.961"/>
  <system-out/>
</testsuite> <!-- com.bank.testcases.TC1_LoginTest -->
